
     | | | | | | |
   _________________
  -|               |-
  -|               |-
  -|               |-
  -|    CYPRESS    |-
  -|               |-
  -|               |-   Warp VHDL Synthesis Compiler: Version 6.3 IR 35
  -|               |-   Copyright (C) 1991-2001 Cypress Semiconductor
   |_______________|
     | | | | | | |

======================================================================
Compiling:  detector.vhd
Options:    -m -yu -e10 -w100 -o2 -ygs -fP -v10 -dc22v10 -ppalc22v10d-25pc -b detector.vhd -u detectorGal.hie
======================================================================

vhdlfe V6.3 IR 35:  VHDL parser
Thu Dec 10 01:53:33 2020

Library 'work' => directory 'lc22v10'
Linking 'C:\Archivos de programa\Cypress\Warp\bin\std.vhd'.
Linking 'C:\Archivos de programa\Cypress\Warp\lib\common\cypress.vhd'.
Linking 'C:\Archivos de programa\Cypress\Warp\lib\common\work\cypress.vif'.
Library 'ieee' => directory 'C:\Archivos de programa\Cypress\Warp\lib\ieee\work'
Linking 'C:\Archivos de programa\Cypress\Warp\lib\ieee\work\stdlogic.vif'.
Linking 'C:\Archivos de programa\Cypress\Warp\lib\ieee\work\syntocyp.vif'.
Linking 'C:\Archivos de programa\Cypress\Warp\lib\ieee\work\synarith.vif'.
Linking 'C:\Archivos de programa\Cypress\Warp\lib\ieee\work\synusgnd.vif'.
detector.vhd (line 32, col 20):  Note: Substituting module 'cmp_vv_us_bl' for '='.
detector.vhd (line 34, col 15):  Note: Substituting module 'add_vi_v_us' for '+'.
detector.vhd (line 36, col 14):  Note: Substituting module 'add_vi_v_us' for '+'.
detector.vhd (line 39, col 18):  Note: Substituting module 'cmp_vv_us_bl' for '='.
detector.vhd (line 41, col 14):  Note: Substituting module 'sub_vi_v_us' for '-'.
detector.vhd (line 43, col 14):  Note: Substituting module 'sub_vi_v_us' for '-'.
detector.vhd (line 57, col 18):  Note: Substituting module 'cmp_vv_us_bl' for '='.
detector.vhd (line 60, col 21):  Note: Substituting module 'cmp_vv_us_bl' for '='.
detector.vhd (line 63, col 21):  Note: Substituting module 'cmp_vv_us_bl' for '='.
detector.vhd (line 71, col 18):  Note: Substituting module 'cmp_vv_us_bl' for '='.
detector.vhd (line 74, col 21):  Note: Substituting module 'cmp_vv_us_bl' for '='.
detector.vhd (line 77, col 21):  Note: Substituting module 'cmp_vv_us_bl' for '='.
detector.vhd (line 85, col 18):  Note: Substituting module 'cmp_vv_us_bl' for '='.
detector.vhd (line 88, col 21):  Note: Substituting module 'cmp_vv_us_bl' for '='.
detector.vhd (line 91, col 21):  Note: Substituting module 'cmp_vv_us_bl' for '='.
detector.vhd (line 99, col 18):  Note: Substituting module 'cmp_vv_us_bl' for '='.
detector.vhd (line 102, col 21):  Note: Substituting module 'cmp_vv_us_bl' for '='.
detector.vhd (line 105, col 21):  Note: Substituting module 'cmp_vv_us_bl' for '='.
detector.vhd (line 113, col 18):  Note: Substituting module 'cmp_vv_us_bl' for '='.
detector.vhd (line 116, col 21):  Note: Substituting module 'cmp_vv_us_bl' for '='.
detector.vhd (line 119, col 21):  Note: Substituting module 'cmp_vv_us_bl' for '='.
detector.vhd (line 127, col 18):  Note: Substituting module 'cmp_vv_us_bl' for '='.
detector.vhd (line 130, col 21):  Note: Substituting module 'cmp_vv_us_bl' for '='.
detector.vhd (line 133, col 21):  Note: Substituting module 'cmp_vv_us_bl' for '='.
detector.vhd (line 141, col 18):  Note: Substituting module 'cmp_vv_us_bl' for '='.
detector.vhd (line 144, col 21):  Note: Substituting module 'cmp_vv_us_bl' for '='.
detector.vhd (line 147, col 21):  Note: Substituting module 'cmp_vv_us_bl' for '='.
detector.vhd (line 155, col 18):  Note: Substituting module 'cmp_vv_us_bl' for '='.
detector.vhd (line 158, col 21):  Note: Substituting module 'cmp_vv_us_bl' for '='.
detector.vhd (line 161, col 21):  Note: Substituting module 'cmp_vv_us_bl' for '='.

vhdlfe:  No errors.


tovif V6.3 IR 35:  High-level synthesis
Thu Dec 10 01:53:33 2020

Linking 'C:\Archivos de programa\Cypress\Warp\bin\std.vhd'.
Linking 'C:\Archivos de programa\Cypress\Warp\lib\common\cypress.vhd'.
Linking 'C:\Archivos de programa\Cypress\Warp\lib\common\work\cypress.vif'.
Linking 'C:\Archivos de programa\Cypress\Warp\lib\ieee\work\stdlogic.vif'.
Linking 'C:\Archivos de programa\Cypress\Warp\lib\ieee\work\syntocyp.vif'.
Linking 'C:\Archivos de programa\Cypress\Warp\lib\ieee\work\synarith.vif'.
Linking 'C:\Archivos de programa\Cypress\Warp\lib\ieee\work\synusgnd.vif'.
Linking 'C:\Archivos de programa\Cypress\Warp\lib\common\stdlogic\lpmpkg.vif'.
Linking 'C:\Archivos de programa\Cypress\Warp\lib\common\stdlogic\rtlpkg.vif'.
Linking 'C:\Archivos de programa\Cypress\Warp\lib\common\stdlogic\mod_cnst.vif'.
Linking 'C:\Archivos de programa\Cypress\Warp\lib\common\stdlogic\syntocyp.vif'.

tovif:  No errors.


topld V6.3 IR 35:  Synthesis and optimization
Thu Dec 10 01:53:35 2020

Linking 'C:\Archivos de programa\Cypress\Warp\bin\std.vhd'.
Linking 'C:\Archivos de programa\Cypress\Warp\lib\common\cypress.vhd'.
Linking 'C:\Archivos de programa\Cypress\Warp\lib\common\work\cypress.vif'.
Linking 'C:\Archivos de programa\Cypress\Warp\lib\ieee\work\stdlogic.vif'.
Linking 'C:\Archivos de programa\Cypress\Warp\lib\ieee\work\syntocyp.vif'.
Linking 'C:\Archivos de programa\Cypress\Warp\lib\ieee\work\synarith.vif'.
Linking 'C:\Archivos de programa\Cypress\Warp\lib\ieee\work\synusgnd.vif'.
Linking 'C:\Archivos de programa\Cypress\Warp\lib\common\stdlogic\lpmpkg.vif'.
Linking 'C:\Archivos de programa\Cypress\Warp\lib\common\stdlogic\rtlpkg.vif'.
Linking 'C:\Archivos de programa\Cypress\Warp\lib\common\stdlogic\mod_cnst.vif'.
Linking 'C:\Archivos de programa\Cypress\Warp\lib\common\stdlogic\syntocyp.vif'.
State variable 'act' is represented by a Bit_vector (0 to 2).
State encoding (sequential) for 'act' is:
	q0 :=	b"000";
	q1 :=	b"001";
	q2 :=	b"010";
	q3 :=	b"011";
	q4 :=	b"100";
	q5 :=	b"101";
	q6 :=	b"110";
	q7 :=	b"111";
State variable 'sig' is represented by a Bit_vector (0 to 2).
State encoding (sequential) for 'sig' is:
	q0 :=	b"000";
	q1 :=	b"001";
	q2 :=	b"010";
	q3 :=	b"011";
	q4 :=	b"100";
	q5 :=	b"101";
	q6 :=	b"110";
	q7 :=	b"111";
Linking 'C:\Archivos de programa\Cypress\Warp\lib\lc22v10\stdlogic\c22v10.vif'.

----------------------------------------------------------
Detecting unused logic.
----------------------------------------------------------



------------------------------------------------------
Alias Detection
------------------------------------------------------

------------------------------------------------------
Aliased 0 equations, 83 wires.
------------------------------------------------------

----------------------------------------------------------
Circuit simplification
----------------------------------------------------------

----------------------------------------------------------
Circuit simplification results:

	Expanded 38 signals.
	Turned 0 signals into soft nodes.
	Maximum default expansion cost was set at 10.
----------------------------------------------------------

------------------------------------------------------
Alias Detection
------------------------------------------------------

------------------------------------------------------
Aliased 0 equations, 0 wires.
------------------------------------------------------
Created 152 PLD nodes.

topld:  No errors.

----------------------------------------------------------------------------
PLD Optimizer Software:       DSGNOPT.EXE    31/03/2000  [v4.02 ] 6.3 IR 35

DESIGN HEADER INFORMATION  (01:53:38)

Input File(s): detector.pla
Device       : C22V10
Package      : palc22v10d-25pc
ReportFile   : detector.rpt

Program Controls:
    COMMAND LANGUAGE_VHDL 
    COMMAND PROPERTY BUS_HOLD ENABLE 

Signal Requests:
    GROUP USEPOL ALL
    GROUP FAST_SLEW ALL

Completed Successfully  
----------------------------------------------------------------------------
PLD Optimizer Software:       DSGNOPT.EXE    31/03/2000  [v4.02 ] 6.3 IR 35

OPTIMIZATION OPTIONS       (01:53:38)

Messages:
  Information: Process virtual '\u(0)D\'\u(0)D\ ... expanded.
  Information: Process virtual '\u(1)D\'\u(1)D\ ... expanded.
  Information: Process virtual '\u(2)D\'\u(2)D\ ... expanded.
  Information: Process virtual '\u(3)D\'\u(3)D\ ... expanded.
  Information: Process virtual '\d(0)D\'\d(0)D\ ... expanded.
  Information: Process virtual '\d(1)D\'\d(1)D\ ... expanded.
  Information: Process virtual '\d(2)D\'\d(2)D\ ... expanded.
  Information: Process virtual 'sigSBV_2'sigSBV_2 ... expanded.
  Information: Process virtual 'actSBV_2' ... converted to NODE.
  Information: Process virtual 'sigSBV_1'sigSBV_1 ... expanded.
  Information: Process virtual 'actSBV_1' ... converted to NODE.
  Information: Process virtual 'sigSBV_0'sigSBV_0 ... expanded.
  Information: Process virtual 'actSBV_0' ... converted to NODE.
  Information: Optimizing logic using best output polarity for signals:
         actSBV_0.D actSBV_1.D actSBV_2.D d(0).D d(1).D d(2).D u(0).D u(1).D
         u(2).D u(3).D

  Information: Selected logic optimization OFF for signals:
         actSBV_0.AR actSBV_0.C actSBV_1.AR actSBV_1.C actSBV_2.AR actSBV_2.C
         d(0).AR d(0).C d(1).AR d(1).C d(2).AR d(2).C u(0).AR u(0).C u(1).AR
         u(1).C u(2).AR u(2).C u(3).AR u(3).C



Summary:
                 Error Count = 0      Warning Count = 0

Completed Successfully  
----------------------------------------------------------------------------
PLD Optimizer Software:       MINOPT.EXE     01/NOV/1999  [v4.02 ] 6.3 IR 35

LOGIC MINIMIZATION         ()

Messages:


Summary:
                 Error Count = 0      Warning Count = 0

Completed Successfully
----------------------------------------------------------------------------
PLD Optimizer Software:       DSGNOPT.EXE    31/03/2000  [v4.02 ] 6.3 IR 35

OPTIMIZATION OPTIONS       (01:53:38)

Messages:
  Information: Optimizing Banked Preset/Reset requirements.


Summary:
                 Error Count = 0      Warning Count = 0

Completed Successfully  
----------------------------------------------------------------------------
PLD Compiler Software:        PLA2JED.EXE    31/03/2000  [v4.02 ] 6.3 IR 35

<CYPRESSTAG name="Equations" icon=FILE_RPT_EQUATION>
DESIGN EQUATIONS           (01:53:38)
</CYPRESSTAG>

    actSBV_0.D =
          actSBV_0.Q * /actSBV_1.Q * actSBV_2.Q * sen(1) 
        + actSBV_0.Q * actSBV_1.Q * /actSBV_2.Q * sen(1) 
        + /actSBV_1.Q * /actSBV_2.Q * sen(0) 
        + /actSBV_1.Q * sen(0) * /sen(1) 
        + actSBV_0.Q * sen(0) 

    actSBV_0.AR =
          clr 

    actSBV_0.SP =
          GND

    actSBV_0.C =
          clk 

    actSBV_1.D =
          actSBV_0.Q * /actSBV_1.Q * actSBV_2.Q * /sen(0) * sen(1) 
        + actSBV_0.Q * actSBV_1.Q * /actSBV_2.Q * /sen(0) * sen(1) 
        + actSBV_1.Q * actSBV_2.Q * sen(0) * sen(1) 
        + /actSBV_0.Q * sen(0) * sen(1) 
        + /actSBV_0.Q * actSBV_1.Q * sen(0) 

    actSBV_1.AR =
          clr 

    actSBV_1.SP =
          GND

    actSBV_1.C =
          clk 

    actSBV_2.D =
          actSBV_1.Q * actSBV_2.Q * /sen(0) * sen(1) 
        + /actSBV_0.Q * actSBV_1.Q * sen(0) * /sen(1) 
        + actSBV_0.Q * sen(0) * sen(1) 
        + /actSBV_1.Q * /actSBV_2.Q * sen(1) 
        + /actSBV_0.Q * /sen(0) * sen(1) 

    actSBV_2.AR =
          clr 

    actSBV_2.SP =
          GND

    actSBV_2.C =
          clk 

    d(0).D =
          /actSBV_0.Q * actSBV_1.Q * actSBV_2.Q * /d(0).Q * /sen(0) * 
          u(0).Q * /u(1).Q * /u(2).Q * u(3).Q 
        + actSBV_0.Q * actSBV_1.Q * /actSBV_2.Q * /d(0).Q * /sen(1) * 
          /u(0).Q * /u(1).Q * /u(2).Q * /u(3).Q 
        + actSBV_2.Q * d(0).Q * sen(0) 
        + actSBV_0.Q * actSBV_2.Q * d(0).Q 
        + /actSBV_2.Q * d(0).Q * u(3).Q 
        + /actSBV_0.Q * d(0).Q * /u(0).Q 
        + d(0).Q * u(0).Q * /u(3).Q 
        + d(0).Q * sen(1) * /u(3).Q 
        + d(0).Q * u(2).Q 
        + d(0).Q * u(1).Q 
        + /actSBV_1.Q * d(0).Q 

    d(0).AR =
          clr 

    d(0).SP =
          GND

    d(0).C =
          clk 

    d(1).D =
          /actSBV_0.Q * actSBV_1.Q * actSBV_2.Q * d(0).Q * /d(1).Q * 
          /sen(0) * u(0).Q * /u(1).Q * /u(2).Q * u(3).Q 
        + actSBV_0.Q * actSBV_1.Q * /actSBV_2.Q * /d(0).Q * /d(1).Q * 
          /sen(1) * /u(0).Q * /u(1).Q * /u(2).Q * /u(3).Q 
        + d(1).Q * sen(0) * u(3).Q 
        + actSBV_0.Q * d(1).Q * u(0).Q 
        + /actSBV_2.Q * d(1).Q * sen(1) 
        + /actSBV_2.Q * d(0).Q * d(1).Q 
        + /actSBV_0.Q * /d(0).Q * d(1).Q 
        + d(1).Q * /u(0).Q * u(3).Q 
        + actSBV_2.Q * d(1).Q * /u(3).Q 
        + d(1).Q * u(2).Q 
        + d(1).Q * u(1).Q 
        + /actSBV_1.Q * d(1).Q 

    d(1).AR =
          clr 

    d(1).SP =
          GND

    d(1).C =
          clk 

    d(2).D =
          /actSBV_0.Q * actSBV_1.Q * actSBV_2.Q * d(0).Q * d(1).Q * 
          /d(2).Q * /sen(0) * u(0).Q * /u(1).Q * /u(2).Q * u(3).Q 
        + actSBV_0.Q * actSBV_1.Q * /actSBV_2.Q * /d(0).Q * /d(1).Q * 
          /d(2).Q * /sen(1) * /u(0).Q * /u(1).Q * /u(2).Q * /u(3).Q 
        + d(2).Q * sen(0) * u(3).Q 
        + actSBV_0.Q * d(2).Q * u(3).Q 
        + /actSBV_2.Q * d(2).Q * sen(1) 
        + /actSBV_2.Q * d(1).Q * d(2).Q 
        + actSBV_2.Q * /d(0).Q * d(2).Q 
        + /d(1).Q * d(2).Q * u(0).Q 
        + /actSBV_0.Q * d(2).Q * /u(0).Q 
        + d(0).Q * d(2).Q * /u(3).Q 
        + d(2).Q * u(2).Q 
        + d(2).Q * u(1).Q 
        + /actSBV_1.Q * d(2).Q 

    d(2).AR =
          clr 

    d(2).SP =
          GND

    d(2).C =
          clk 

    u(0).D =
          /actSBV_0.Q * actSBV_1.Q * actSBV_2.Q * /sen(0) * /u(0).Q 
        + actSBV_0.Q * actSBV_1.Q * /actSBV_2.Q * /sen(1) * /u(0).Q 
        + actSBV_2.Q * sen(0) * u(0).Q 
        + actSBV_0.Q * actSBV_2.Q * u(0).Q 
        + /actSBV_2.Q * sen(1) * u(0).Q 
        + /actSBV_0.Q * /actSBV_2.Q * u(0).Q 
        + /actSBV_1.Q * u(0).Q 

    u(0).AR =
          clr 

    u(0).SP =
          GND

    u(0).C =
          clk 

    u(1).D =
          /actSBV_0.Q * actSBV_1.Q * actSBV_2.Q * /sen(0) * u(0).Q * 
          /u(1).Q * u(2).Q 
        + actSBV_0.Q * actSBV_1.Q * /actSBV_2.Q * /sen(1) * /u(0).Q * 
          /u(1).Q * u(3).Q 
        + actSBV_0.Q * actSBV_1.Q * /actSBV_2.Q * /sen(1) * /u(0).Q * 
          /u(1).Q * u(2).Q 
        + /actSBV_0.Q * actSBV_1.Q * actSBV_2.Q * /sen(0) * u(0).Q * 
          /u(1).Q * /u(3).Q 
        + sen(0) * u(0).Q * u(1).Q 
        + actSBV_0.Q * u(0).Q * u(1).Q 
        + /actSBV_2.Q * sen(1) * u(1).Q 
        + /actSBV_0.Q * /actSBV_2.Q * u(1).Q 
        + actSBV_2.Q * /u(0).Q * u(1).Q 
        + /actSBV_1.Q * u(1).Q 

    u(1).AR =
          clr 

    u(1).SP =
          GND

    u(1).C =
          clk 

    u(2).D =
          actSBV_0.Q * actSBV_1.Q * /actSBV_2.Q * /sen(1) * /u(0).Q * 
          /u(1).Q * /u(2).Q * u(3).Q 
        + /actSBV_0.Q * actSBV_1.Q * actSBV_2.Q * /sen(0) * u(0).Q * 
          u(1).Q * /u(2).Q 
        + actSBV_2.Q * sen(0) * u(2).Q 
        + actSBV_0.Q * actSBV_2.Q * u(2).Q 
        + /actSBV_2.Q * u(1).Q * u(2).Q 
        + /actSBV_0.Q * /u(0).Q * u(2).Q 
        + u(0).Q * /u(1).Q * u(2).Q 
        + sen(1) * /u(1).Q * u(2).Q 
        + /actSBV_1.Q * u(2).Q 

    u(2).AR =
          clr 

    u(2).SP =
          GND

    u(2).C =
          clk 

    u(3).D =
          /actSBV_0.Q * actSBV_1.Q * actSBV_2.Q * /sen(0) * u(0).Q * 
          u(1).Q * u(2).Q * /u(3).Q 
        + actSBV_0.Q * actSBV_1.Q * /actSBV_2.Q * /sen(1) * /u(0).Q * 
          /u(1).Q * /u(2).Q * /u(3).Q 
        + sen(0) * u(0).Q * u(3).Q 
        + actSBV_0.Q * u(0).Q * u(3).Q 
        + /actSBV_2.Q * u(2).Q * u(3).Q 
        + /actSBV_2.Q * sen(1) * u(3).Q 
        + /actSBV_0.Q * /actSBV_2.Q * u(3).Q 
        + actSBV_2.Q * /u(0).Q * u(3).Q 
        + /u(1).Q * u(2).Q * u(3).Q 
        + u(1).Q * /u(2).Q * u(3).Q 
        + /actSBV_1.Q * u(3).Q 

    u(3).AR =
          clr 

    u(3).SP =
          GND

    u(3).C =
          clk 


Completed Successfully  
----------------------------------------------------------------------------
PLD Compiler Software:        PLA2JED.EXE    31/03/2000  [v4.02 ] 6.3 IR 35

DESIGN RULE CHECK          (01:53:38)

Messages:
                 None.


Summary:
                 Error Count = 0      Warning Count = 0

Completed Successfully  
----------------------------------------------------------------------------
PLD Compiler Software:        PLA2JED.EXE    31/03/2000  [v4.02 ] 6.3 IR 35

<CYPRESSTAG name="Pinout" icon=FILE_RPT_PINOUT>
PINOUT INFORMATION   (01:53:38)
</CYPRESSTAG>
Messages:
  Information: Checking for duplicate NODE logic.
                 None.


                                 C22V10
                 __________________________________________
            clk =| 1|                                  |24|* not used       
         sen(1) =| 2|                                  |23|= (actSBV_2)     
         sen(0) =| 3|                                  |22|= u(2)           
            clr =| 4|                                  |21|= u(3)           
       not used *| 5|                                  |20|= d(0)           
       not used *| 6|                                  |19|= (actSBV_0)     
       not used *| 7|                                  |18|= (actSBV_1)     
       not used *| 8|                                  |17|= d(2)           
       not used *| 9|                                  |16|= d(1)           
       not used *|10|                                  |15|= u(1)           
       not used *|11|                                  |14|= u(0)           
       not used *|12|                                  |13|* not used       
                 __________________________________________


Summary:
                 Error Count = 0      Warning Count = 0

Completed Successfully  
----------------------------------------------------------------------------
PLD Compiler Software:        PLA2JED.EXE    31/03/2000  [v4.02 ] 6.3 IR 35

<CYPRESSTAG name="Utilization" icon=FILE_RPT_UTILIZATION>
RESOURCE UTILIZATION (01:53:38)
</CYPRESSTAG>
  Information: Macrocell Utilization.

                     Description        Used     Max
                 ______________________________________
                 | Dedicated Inputs   |    3  |   11  |
                 | Clock/Inputs       |    1  |    1  |
                 | I/O Macrocells     |   10  |   10  |
                 ______________________________________
                                          14  /   22   = 63  %


  Information: Output Logic Product Term Utilization.

                  Node#  Output Signal Name  Used   Max
                 ________________________________________
                 | 14  |  u(0)            |   7  |   8  |
                 | 15  |  u(1)            |  10  |  10  |
                 | 16  |  d(1)            |  12  |  12  |
                 | 17  |  d(2)            |  13  |  14  |
                 | 18  |  actSBV_1        |   5  |  16  |
                 | 19  |  actSBV_0        |   5  |  16  |
                 | 20  |  d(0)            |  11  |  14  |
                 | 21  |  u(3)            |  11  |  12  |
                 | 22  |  u(2)            |   9  |  10  |
                 | 23  |  actSBV_2        |   5  |   8  |
                 | 25  |  Unused          |   0  |   1  |
                 ________________________________________
                                             88  / 121   = 72  %


Completed Successfully  
----------------------------------------------------------------------------
PLD Compiler Software:        PLA2JED.EXE    31/03/2000  [v4.02 ] 6.3 IR 35

JEDEC ASSEMBLE             (01:53:38)

Messages:
  Information: Output file 'detector.pin' created.
  Information: Output file 'detector.jed' created.

  Usercode:    
  Checksum:    CF36



Summary:
                 Error Count = 0      Warning Count = 0

Completed Successfully at 01:53:38
